Generated at 2016-07-26 13:01:50 +0000
Chef::Exceptions::Exec: yum_package[php-mysql] (php::module_mysql line 22) had an error: Chef::Exceptions::Exec: yum -d0 -e0 -y install php-mysql-5.3.29-1.8.amzn1 returned 1:
STDOUT:  You could try using --skip-broken to work around the problem
 You could try running: rpm -Va --nofiles --nodigest

STDERR: Error: php56-common conflicts with php-common-5.3.29-1.8.amzn1.x86_64

/opt/chefdk/embedded/lib/ruby/gems/2.1.0/gems/chef-12.11.18/lib/chef/provider/package/yum.rb:122:in `yum_command'
/opt/chefdk/embedded/lib/ruby/gems/2.1.0/gems/chef-12.11.18/lib/chef/provider/package/yum.rb:302:in `install_remote_package'
/opt/chefdk/embedded/lib/ruby/gems/2.1.0/gems/chef-12.11.18/lib/chef/provider/package/yum.rb:313:in `install_package'
/opt/chefdk/embedded/lib/ruby/gems/2.1.0/gems/chef-12.11.18/lib/chef/provider/package.rb:101:in `block (2 levels) in action_install'
/opt/chefdk/embedded/lib/ruby/gems/2.1.0/gems/chef-12.11.18/lib/chef/provider/package.rb:227:in `multipackage_api_adapter'
/opt/chefdk/embedded/lib/ruby/gems/2.1.0/gems/chef-12.11.18/lib/chef/provider/package.rb:100:in `block in action_install'
/opt/chefdk/embedded/lib/ruby/gems/2.1.0/gems/chef-12.11.18/lib/chef/mixin/why_run.rb:52:in `add_action'
/opt/chefdk/embedded/lib/ruby/gems/2.1.0/gems/chef-12.11.18/lib/chef/provider.rb:176:in `converge_by'
/opt/chefdk/embedded/lib/ruby/gems/2.1.0/gems/chef-12.11.18/lib/chef/provider/package.rb:99:in `action_install'
/opt/chefdk/embedded/lib/ruby/gems/2.1.0/gems/chef-12.11.18/lib/chef/provider.rb:145:in `run_action'
/opt/chefdk/embedded/lib/ruby/gems/2.1.0/gems/chef-12.11.18/lib/chef/resource.rb:591:in `run_action'
/home/ec2-user/chef-repo/localrepo/chef/local-mode-cache/cache/cookbooks/compat_resource/files/lib/chef_compat/monkeypatches/chef/runner.rb:41:in `run_action'
/opt/chefdk/embedded/lib/ruby/gems/2.1.0/gems/chef-12.11.18/lib/chef/runner.rb:97:in `block (2 levels) in converge'
/opt/chefdk/embedded/lib/ruby/gems/2.1.0/gems/chef-12.11.18/lib/chef/runner.rb:97:in `each'
/opt/chefdk/embedded/lib/ruby/gems/2.1.0/gems/chef-12.11.18/lib/chef/runner.rb:97:in `block in converge'
/opt/chefdk/embedded/lib/ruby/gems/2.1.0/gems/chef-12.11.18/lib/chef/resource_collection/resource_list.rb:94:in `block in execute_each_resource'
/opt/chefdk/embedded/lib/ruby/gems/2.1.0/gems/chef-12.11.18/lib/chef/resource_collection/stepable_iterator.rb:116:in `call'
/opt/chefdk/embedded/lib/ruby/gems/2.1.0/gems/chef-12.11.18/lib/chef/resource_collection/stepable_iterator.rb:116:in `call_iterator_block'
/opt/chefdk/embedded/lib/ruby/gems/2.1.0/gems/chef-12.11.18/lib/chef/resource_collection/stepable_iterator.rb:85:in `step'
/opt/chefdk/embedded/lib/ruby/gems/2.1.0/gems/chef-12.11.18/lib/chef/resource_collection/stepable_iterator.rb:104:in `iterate'
/opt/chefdk/embedded/lib/ruby/gems/2.1.0/gems/chef-12.11.18/lib/chef/resource_collection/stepable_iterator.rb:55:in `each_with_index'
/opt/chefdk/embedded/lib/ruby/gems/2.1.0/gems/chef-12.11.18/lib/chef/resource_collection/resource_list.rb:92:in `execute_each_resource'
/opt/chefdk/embedded/lib/ruby/gems/2.1.0/gems/chef-12.11.18/lib/chef/runner.rb:96:in `converge'
/opt/chefdk/embedded/lib/ruby/gems/2.1.0/gems/chef-12.11.18/lib/chef/client.rb:669:in `block in converge'
/opt/chefdk/embedded/lib/ruby/gems/2.1.0/gems/chef-12.11.18/lib/chef/client.rb:664:in `catch'
/opt/chefdk/embedded/lib/ruby/gems/2.1.0/gems/chef-12.11.18/lib/chef/client.rb:664:in `converge'
/opt/chefdk/embedded/lib/ruby/gems/2.1.0/gems/chef-12.11.18/lib/chef/client.rb:703:in `converge_and_save'
/opt/chefdk/embedded/lib/ruby/gems/2.1.0/gems/chef-12.11.18/lib/chef/client.rb:283:in `run'
/opt/chefdk/embedded/lib/ruby/gems/2.1.0/gems/chef-12.11.18/lib/chef/application.rb:286:in `block in fork_chef_client'
/opt/chefdk/embedded/lib/ruby/gems/2.1.0/gems/chef-12.11.18/lib/chef/application.rb:274:in `fork'
/opt/chefdk/embedded/lib/ruby/gems/2.1.0/gems/chef-12.11.18/lib/chef/application.rb:274:in `fork_chef_client'
/opt/chefdk/embedded/lib/ruby/gems/2.1.0/gems/chef-12.11.18/lib/chef/application.rb:239:in `block in run_chef_client'
/opt/chefdk/embedded/lib/ruby/gems/2.1.0/gems/chef-12.11.18/lib/chef/local_mode.rb:44:in `with_server_connectivity'
/opt/chefdk/embedded/lib/ruby/gems/2.1.0/gems/chef-12.11.18/lib/chef/application.rb:227:in `run_chef_client'
/opt/chefdk/embedded/lib/ruby/gems/2.1.0/gems/chef-12.11.18/lib/chef/application/client.rb:456:in `sleep_then_run_chef_client'
/opt/chefdk/embedded/lib/ruby/gems/2.1.0/gems/chef-12.11.18/lib/chef/application/client.rb:443:in `block in interval_run_chef_client'
/opt/chefdk/embedded/lib/ruby/gems/2.1.0/gems/chef-12.11.18/lib/chef/application/client.rb:442:in `loop'
/opt/chefdk/embedded/lib/ruby/gems/2.1.0/gems/chef-12.11.18/lib/chef/application/client.rb:442:in `interval_run_chef_client'
/opt/chefdk/embedded/lib/ruby/gems/2.1.0/gems/chef-12.11.18/lib/chef/application/client.rb:426:in `run_application'
/opt/chefdk/embedded/lib/ruby/gems/2.1.0/gems/chef-12.11.18/lib/chef/application.rb:59:in `run'
/opt/chefdk/embedded/lib/ruby/gems/2.1.0/gems/chef-12.11.18/lib/chef/application/solo.rb:217:in `run'
/opt/chefdk/embedded/lib/ruby/gems/2.1.0/gems/chef-12.11.18/bin/chef-solo:25:in `<top (required)>'
/usr/bin/chef-solo:52:in `load'
/usr/bin/chef-solo:52:in `<main>'